<?xml version="1.0" encoding="UTF-8"?>
<!-- Generated by org.testng.reporters.JUnitReportReporter -->
<testsuite hostname="l-g8bh102" name="org.rakuten.test.GetInventoryAPITest" tests="5" failures="0" timestamp="26 Aug 2016 18:43:57 GMT" time="3.080" errors="0">
  <testcase name="testForNonExistingProductsForBaseSkus" time="0.229" classname="org.rakuten.test.GetInventoryAPITest"/>
  <testcase name="testInvalidRequest" time="0.231" classname="org.rakuten.test.GetInventoryAPITest"/>
  <testcase name="testForSkus" time="0.211" classname="org.rakuten.test.GetInventoryAPITest"/>
  <testcase name="testForBaseSkus" time="2.202" classname="org.rakuten.test.GetInventoryAPITest"/>
  <testcase name="testForNonExistingProductsForSkus" time="0.207" classname="org.rakuten.test.GetInventoryAPITest"/>
</testsuite> <!-- org.rakuten.test.GetInventoryAPITest -->
