<?xml version="1.0" encoding="UTF-8"?>
<!-- Generated by org.testng.reporters.JUnitReportReporter -->
<testsuite hostname="l-g8bh102" name="org.rakuten.test.UpdateInventoryAPITest" tests="1" failures="0" timestamp="26 Aug 2016 21:53:41 GMT" time="2.655" errors="0">
  <testcase name="testForMoreThan1000SkusPerShops" time="2.655" classname="org.rakuten.test.UpdateInventoryAPITest"/>
</testsuite> <!-- org.rakuten.test.UpdateInventoryAPITest -->
