<?xml version="1.0" encoding="UTF-8"?>
<!-- Generated by org.testng.reporters.JUnitReportReporter -->
<testsuite hostname="l-g8bh102" name="org.rakuten.test.GetInventoryAPITest" tests="5" failures="0" timestamp="27 Aug 2016 21:35:27 GMT" time="1.365" errors="0">
  <testcase name="testForNonExistingProductsForBaseSkus" time="0.114" classname="org.rakuten.test.GetInventoryAPITest"/>
  <testcase name="testForNonExistingProductsForSkus" time="0.106" classname="org.rakuten.test.GetInventoryAPITest"/>
  <testcase name="testForSkus" time="0.174" classname="org.rakuten.test.GetInventoryAPITest"/>
  <testcase name="testInvalidRequest" time="0.134" classname="org.rakuten.test.GetInventoryAPITest"/>
  <testcase name="testForBaseSkus" time="0.837" classname="org.rakuten.test.GetInventoryAPITest"/>
</testsuite> <!-- org.rakuten.test.GetInventoryAPITest -->
