<?xml version="1.0" encoding="UTF-8"?>
<!-- Generated by org.testng.reporters.JUnitReportReporter -->
<testsuite hostname="l-g8bh102" name="org.rakuten.test.GetInventoryAPITest" tests="5" failures="0" timestamp="26 Aug 2016 22:12:45 GMT" time="3.338" errors="0">
  <testcase name="testForNonExistingProductsForSkus" time="0.195" classname="org.rakuten.test.GetInventoryAPITest"/>
  <testcase name="testInvalidRequest" time="0.133" classname="org.rakuten.test.GetInventoryAPITest"/>
  <testcase name="testForNonExistingProductsForBaseSkus" time="0.186" classname="org.rakuten.test.GetInventoryAPITest"/>
  <testcase name="testForSkus" time="0.176" classname="org.rakuten.test.GetInventoryAPITest"/>
  <testcase name="testForBaseSkus" time="2.648" classname="org.rakuten.test.GetInventoryAPITest"/>
</testsuite> <!-- org.rakuten.test.GetInventoryAPITest -->
