<?xml version="1.0" encoding="UTF-8"?>
<!-- Generated by org.testng.reporters.JUnitReportReporter -->
<testsuite hostname="l-g8bh102" name="org.rakuten.test.UpdateInventoryAPITest" tests="16" failures="0" timestamp="27 Aug 2016 21:35:27 GMT" time="1.617" errors="0">
  <testcase name="testForInvalidRequest" time="0.105" classname="org.rakuten.test.UpdateInventoryAPITest"/>
  <testcase name="testForInvalidRequest" time="0.082" classname="org.rakuten.test.UpdateInventoryAPITest"/>
  <testcase name="testForInvalidRequest" time="0.107" classname="org.rakuten.test.UpdateInventoryAPITest"/>
  <testcase name="testForQuantityInGreaterThanAllowed" time="0.058" classname="org.rakuten.test.UpdateInventoryAPITest"/>
  <testcase name="testForInvalidRequest" time="0.118" classname="org.rakuten.test.UpdateInventoryAPITest"/>
  <testcase name="testForInvalidRequest" time="0.078" classname="org.rakuten.test.UpdateInventoryAPITest"/>
  <testcase name="testForMoreThan30Shops" time="0.089" classname="org.rakuten.test.UpdateInventoryAPITest"/>
  <testcase name="testForInvalidRequest" time="0.093" classname="org.rakuten.test.UpdateInventoryAPITest"/>
  <testcase name="testForInvalidRequest" time="0.104" classname="org.rakuten.test.UpdateInventoryAPITest"/>
  <testcase name="testForInvalidRequest" time="0.124" classname="org.rakuten.test.UpdateInventoryAPITest"/>
  <testcase name="testUpdatesForValidAndInvalidRequest" time="0.074" classname="org.rakuten.test.UpdateInventoryAPITest"/>
  <testcase name="testValidUpdatesForSingleShop" time="0.066" classname="org.rakuten.test.UpdateInventoryAPITest"/>
  <testcase name="testFor30Shops" time="0.232" classname="org.rakuten.test.UpdateInventoryAPITest"/>
  <testcase name="testForInvalidRequest" time="0.071" classname="org.rakuten.test.UpdateInventoryAPITest"/>
  <testcase name="testForMoreThan1000SkusPerShops" time="0.153" classname="org.rakuten.test.UpdateInventoryAPITest"/>
  <testcase name="testValidUpdatesForMultipleShop" time="0.063" classname="org.rakuten.test.UpdateInventoryAPITest"/>
</testsuite> <!-- org.rakuten.test.UpdateInventoryAPITest -->
